This is pdfTeX, Version 3.141592653-2.6-1.40.26 (MiKTeX 24.4) (preloaded format=pdflatex 2024.10.12)  12 OCT 2024 22:20
entering extended mode
 restricted \write18 enabled.
 %&-line parsing enabled.
**./tarea.tex
(tarea.tex
LaTeX2e <2024-06-01> patch level 2
L3 programming layer <2024-08-30>

(D:\arian\2024 2\programación avanzada\latex\programa\tex/latex/base\article.c
ls
Document Class: article 2024/02/08 v1.4n Standard LaTeX document class

(D:\arian\2024 2\programación avanzada\latex\programa\tex/latex/base\size10.cl
o
File: size10.clo 2024/02/08 v1.4n Standard LaTeX file (size option)
)
\c@part=\count194
\c@section=\count195
\c@subsection=\count196
\c@subsubsection=\count197
\c@paragraph=\count198
\c@subparagraph=\count199
\c@figure=\count266
\c@table=\count267
\abovecaptionskip=\skip49
\belowcaptionskip=\skip50
\bibindent=\dimen141
)
(D:\arian\2024 2\programación avanzada\latex\programa\tex/latex/base\inputenc.
sty
Package: inputenc 2024/02/08 v1.3d Input encoding file
\inpenc@prehook=\toks17
\inpenc@posthook=\toks18
)
(D:\arian\2024 2\programación avanzada\latex\programa\tex/latex/amsmath\amsmat
h.sty
Package: amsmath 2024/05/23 v2.17q AMS math features
\@mathmargin=\skip51

For additional information on amsmath, use the `?' option.

(D:\arian\2024 2\programación avanzada\latex\programa\tex/latex/amsmath\amstex
t.sty
Package: amstext 2021/08/26 v2.01 AMS text

(D:\arian\2024 2\programación avanzada\latex\programa\tex/latex/amsmath\amsgen
.sty
File: amsgen.sty 1999/11/30 v2.0 generic functions
\@emptytoks=\toks19
\ex@=\dimen142
))
(D:\arian\2024 2\programación avanzada\latex\programa\tex/latex/amsmath\amsbsy
.sty
Package: amsbsy 1999/11/29 v1.2d Bold Symbols
\pmbraise@=\dimen143
)
(D:\arian\2024 2\programación avanzada\latex\programa\tex/latex/amsmath\amsopn
.sty
Package: amsopn 2022/04/08 v2.04 operator names
)
\inf@bad=\count268
LaTeX Info: Redefining \frac on input line 233.
\uproot@=\count269
\leftroot@=\count270
LaTeX Info: Redefining \overline on input line 398.
LaTeX Info: Redefining \colon on input line 409.
\classnum@=\count271
\DOTSCASE@=\count272
LaTeX Info: Redefining \ldots on input line 495.
LaTeX Info: Redefining \dots on input line 498.
LaTeX Info: Redefining \cdots on input line 619.
\Mathstrutbox@=\box52
\strutbox@=\box53
LaTeX Info: Redefining \big on input line 721.
LaTeX Info: Redefining \Big on input line 722.
LaTeX Info: Redefining \bigg on input line 723.
LaTeX Info: Redefining \Bigg on input line 724.
\big@size=\dimen144
LaTeX Font Info:    Redeclaring font encoding OML on input line 742.
LaTeX Font Info:    Redeclaring font encoding OMS on input line 743.
\macc@depth=\count273
LaTeX Info: Redefining \bmod on input line 904.
LaTeX Info: Redefining \pmod on input line 909.
LaTeX Info: Redefining \smash on input line 939.
LaTeX Info: Redefining \relbar on input line 969.
LaTeX Info: Redefining \Relbar on input line 970.
\c@MaxMatrixCols=\count274
\dotsspace@=\muskip17
\c@parentequation=\count275
\dspbrk@lvl=\count276
\tag@help=\toks20
\row@=\count277
\column@=\count278
\maxfields@=\count279
\andhelp@=\toks21
\eqnshift@=\dimen145
\alignsep@=\dimen146
\tagshift@=\dimen147
\tagwidth@=\dimen148
\totwidth@=\dimen149
\lineht@=\dimen150
\@envbody=\toks22
\multlinegap=\skip52
\multlinetaggap=\skip53
\mathdisplay@stack=\toks23
LaTeX Info: Redefining \[ on input line 2953.
LaTeX Info: Redefining \] on input line 2954.
)
(D:\arian\2024 2\programación avanzada\latex\programa\tex/latex/graphics\graph
icx.sty
Package: graphicx 2021/09/16 v1.2d Enhanced LaTeX Graphics (DPC,SPQR)

(D:\arian\2024 2\programación avanzada\latex\programa\tex/latex/graphics\keyva
l.sty
Package: keyval 2022/05/29 v1.15 key=value parser (DPC)
\KV@toks@=\toks24
)
(D:\arian\2024 2\programación avanzada\latex\programa\tex/latex/graphics\graph
ics.sty
Package: graphics 2024/05/23 v1.4g Standard LaTeX Graphics (DPC,SPQR)

(D:\arian\2024 2\programación avanzada\latex\programa\tex/latex/graphics\trig.
sty
Package: trig 2023/12/02 v1.11 sin cos tan (DPC)
)
(D:\arian\2024 2\programación avanzada\latex\programa\tex/latex/graphics-cfg\g
raphics.cfg
File: graphics.cfg 2016/06/04 v1.11 sample graphics configuration
)
Package graphics Info: Driver file: pdftex.def on input line 106.

(D:\arian\2024 2\programación avanzada\latex\programa\tex/latex/graphics-def\p
dftex.def
File: pdftex.def 2024/04/13 v1.2c Graphics/color driver for pdftex
))
\Gin@req@height=\dimen151
\Gin@req@width=\dimen152
)
(D:\arian\2024 2\programación avanzada\latex\programa\tex/latex/float\float.st
y
Package: float 2001/11/08 v1.3d Float enhancements (AL)
\c@float@type=\count280
\float@exts=\toks25
\float@box=\box54
\@float@everytoks=\toks26
\@floatcapt=\box55
)
(D:\arian\2024 2\programación avanzada\latex\programa\tex/latex/l3backend\l3ba
ckend-pdftex.def
File: l3backend-pdftex.def 2024-05-08 L3 backend support: PDF output (pdfTeX)
\l__color_backend_stack_int=\count281
\l__pdf_internal_box=\box56
) (tarea.aux)
\openout1 = `tarea.aux'.

LaTeX Font Info:    Checking defaults for OML/cmm/m/it on input line 11.
LaTeX Font Info:    ... okay on input line 11.
LaTeX Font Info:    Checking defaults for OMS/cmsy/m/n on input line 11.
LaTeX Font Info:    ... okay on input line 11.
LaTeX Font Info:    Checking defaults for OT1/cmr/m/n on input line 11.
LaTeX Font Info:    ... okay on input line 11.
LaTeX Font Info:    Checking defaults for T1/cmr/m/n on input line 11.
LaTeX Font Info:    ... okay on input line 11.
LaTeX Font Info:    Checking defaults for TS1/cmr/m/n on input line 11.
LaTeX Font Info:    ... okay on input line 11.
LaTeX Font Info:    Checking defaults for OMX/cmex/m/n on input line 11.
LaTeX Font Info:    ... okay on input line 11.
LaTeX Font Info:    Checking defaults for U/cmr/m/n on input line 11.
LaTeX Font Info:    ... okay on input line 11.

(D:\arian\2024 2\programación avanzada\latex\programa\tex/context/base/mkii\su
pp-pdf.mkii
[Loading MPS to PDF converter (version 2006.09.02).]
\scratchcounter=\count282
\scratchdimen=\dimen153
\scratchbox=\box57
\nofMPsegments=\count283
\nofMParguments=\count284
\everyMPshowfont=\toks27
\MPscratchCnt=\count285
\MPscratchDim=\dimen154
\MPnumerator=\count286
\makeMPintoPDFobject=\count287
\everyMPtoPDFconversion=\toks28
)
(D:\arian\2024 2\programación avanzada\latex\programa\tex/latex/epstopdf-pkg\e
pstopdf-base.sty
Package: epstopdf-base 2020-01-24 v2.11 Base part for package epstopdf
Package epstopdf-base Info: Redefining graphics rule for `.eps' on input line 4
85.

(D:\arian\2024 2\programación avanzada\latex\programa\tex/latex/00miktex\epsto
pdf-sys.cfg
File: epstopdf-sys.cfg 2021/03/18 v2.0 Configuration of epstopdf for MiKTeX
))
Overfull \hbox (0.63942pt too wide) in paragraph at lines 23--24
[]\OT1/cmr/m/n/10 Las ``ecua-ciones de Maxwell'' son nom-bradas en honor a Jame
s Clerk Maxwell
 []



[1

{C:/Users/arian/AppData/Local/MiKTeX/fonts/map/pdftex/pdftex.map}]
<image.png, id=15, 453.695pt x 349.305pt>
File: image.png Graphic file (type png)
<use image.png>
Package pdftex.def Info: image.png  used on input line 78.
(pdftex.def)             Requested size: 172.5pt x 132.80656pt.


[2 <./image.png (PNG copy)>] (tarea.aux)
 ***********
LaTeX2e <2024-06-01> patch level 2
L3 programming layer <2024-08-30>
 ***********
 ) 
Here is how much of TeX's memory you used:
 2131 strings out of 473898
 33501 string characters out of 5722223
 430496 words of memory out of 5000000
 25015 multiletter control sequences out of 15000+600000
 563764 words of font info for 56 fonts, out of 8000000 for 9000
 1141 hyphenation exceptions out of 8191
 57i,10n,65p,267b,234s stack positions out of 10000i,1000n,20000p,200000b,200000s
<D:/arian/2024 2/programación avanzada/latex/programa/fonts/type1/public/ams
fonts/cm/cmbx10.pfb><D:/arian/2024 2/programación avanzada/latex/programa/font
s/type1/public/amsfonts/cm/cmbx12.pfb><D:/arian/2024 2/programación avanzada/l
atex/programa/fonts/type1/public/amsfonts/cm/cmex10.pfb><D:/arian/2024 2/progra
mación avanzada/latex/programa/fonts/type1/public/amsfonts/cm/cmmi10.pfb><D:/a
rian/2024 2/programación avanzada/latex/programa/fonts/type1/public/amsfonts/c
m/cmmi7.pfb><D:/arian/2024 2/programación avanzada/latex/programa/fonts/type1/
public/amsfonts/cm/cmr10.pfb><D:/arian/2024 2/programación avanzada/latex/prog
rama/fonts/type1/public/amsfonts/cm/cmr12.pfb><D:/arian/2024 2/programación av
anzada/latex/programa/fonts/type1/public/amsfonts/cm/cmr17.pfb><D:/arian/2024 2
/programación avanzada/latex/programa/fonts/type1/public/amsfonts/cm/cmr7.pfb>
<D:/arian/2024 2/programación avanzada/latex/programa/fonts/type1/public/amsfo
nts/cm/cmsy10.pfb>
Output written on tarea.pdf (2 pages, 152110 bytes).
PDF statistics:
 60 PDF objects out of 1000 (max. 8388607)
 0 named destinations out of 1000 (max. 500000)
 6 words of extra memory for PDF output out of 10000 (max. 10000000)

